

Microchip MPLAB XC8 Assembler V2.40 build 20220703182018 
                                                                                               Sun May 14 22:46:10 2023

Microchip MPLAB XC8 C Compiler v2.40 (Free license) build 20220703182018 Og1 
     1                           	processor	16F887
     2                           	pagewidth 120
     3                           	opt	flic
     4                           	psect	cinit,global,class=CODE,merge=1,delta=2
     5                           	psect	bssBANK0,global,class=BANK0,space=1,delta=1,noexec
     6                           	psect	clrtext,global,class=CODE,delta=2
     7                           	psect	cstackCOMMON,global,class=COMMON,space=1,delta=1,noexec
     8                           	psect	cstackBANK0,global,class=BANK0,space=1,delta=1,noexec
     9                           	psect	maintext,global,class=CODE,split=1,delta=2
    10                           	psect	text1,local,class=CODE,merge=1,delta=2
    11                           	psect	text2,local,class=CODE,merge=1,delta=2
    12                           	psect	text3,local,class=CODE,merge=1,delta=2,group=1
    13                           	psect	text4,local,class=CODE,merge=1,delta=2
    14                           	psect	intentry,global,class=CODE,delta=2
    15                           	psect	text5,local,class=CODE,merge=1,delta=2,group=1
    16                           	psect	text6,local,class=CODE,merge=1,delta=2
    17                           	psect	idloc,global,abs,ovrld,class=IDLOC,space=5,delta=2,noexec
    18                           	psect	config,global,abs,ovrld,class=CONFIG,space=4,delta=2,noexec
    19                           	dabs	1,0x7E,2
    20     0000                     
    21                           ; Version 2.40
    22                           ; Generated 17/11/2021 GMT
    23                           ; 
    24                           ; Copyright © 2021, Microchip Technology Inc. and its subsidiaries ("Microchip")
    25                           ; All rights reserved.
    26                           ; 
    27                           ; This software is developed by Microchip Technology Inc. and its subsidiaries ("Microch
      +                          ip").
    28                           ; 
    29                           ; Redistribution and use in source and binary forms, with or without modification, are
    30                           ; permitted provided that the following conditions are met:
    31                           ; 
    32                           ;     1. Redistributions of source code must retain the above copyright notice, this lis
      +                          t of
    33                           ;        conditions and the following disclaimer.
    34                           ; 
    35                           ;     2. Redistributions in binary form must reproduce the above copyright notice, this 
      +                          list
    36                           ;        of conditions and the following disclaimer in the documentation and/or other
    37                           ;        materials provided with the distribution. Publication is not required when
    38                           ;        this file is used in an embedded application.
    39                           ; 
    40                           ;     3. Microchip's name may not be used to endorse or promote products derived from th
      +                          is
    41                           ;        software without specific prior written permission.
    42                           ; 
    43                           ; THIS SOFTWARE IS PROVIDED BY MICROCHIP "AS IS" AND ANY EXPRESS OR IMPLIED WARRANTIES,
    44                           ; INCLUDING, BUT NOT LIMITED TO, THE IMPLIED WARRANTIES OF MERCHANTABILITY AND FITNESS F
      +                          OR
    45                           ; PURPOSE ARE DISCLAIMED.  IN NO EVENT SHALL MICROCHIP BE LIABLE FOR ANY DIRECT, INDIREC
      +                          T,
    46                           ; INCIDENTAL, SPECIAL, EXEMPLARY, OR CONSEQUENTIAL DAMAGES (INCLUDING BUT NOT LIMITED TO
    47                           ; PROCUREMENT OF SUBSTITUTE GOODS OR SERVICES; LOSS OF USE, DATA OR PROFITS; OR BUSINESS
    48                           ; INTERRUPTION) HOWSOEVER CAUSED AND ON ANY THEORY OF LIABILITY, WHETHER IN CONTRACT, ST
      +                          RICT
    49                           ; LIABILITY, OR TORT (INCLUDING NEGLIGENCE OR OTHERWISE) ARISING IN ANY WAY OUT OF THE U
      +                          SE OF
    50                           ; THIS SOFTWARE, EVEN IF ADVISED OF THE POSSIBILITY OF SUCH DAMAGE.
    51                           ; 
    52                           ; 
    53                           ; Code-generator required, PIC16F887 Definitions
    54                           ; 
    55                           ; SFR Addresses
    56     0000                     	;# 
    57     0001                     	;# 
    58     0002                     	;# 
    59     0003                     	;# 
    60     0004                     	;# 
    61     0005                     	;# 
    62     0006                     	;# 
    63     0007                     	;# 
    64     0008                     	;# 
    65     0009                     	;# 
    66     000A                     	;# 
    67     000B                     	;# 
    68     000C                     	;# 
    69     000D                     	;# 
    70     000E                     	;# 
    71     000E                     	;# 
    72     000F                     	;# 
    73     0010                     	;# 
    74     0011                     	;# 
    75     0012                     	;# 
    76     0013                     	;# 
    77     0014                     	;# 
    78     0015                     	;# 
    79     0015                     	;# 
    80     0016                     	;# 
    81     0017                     	;# 
    82     0018                     	;# 
    83     0019                     	;# 
    84     001A                     	;# 
    85     001B                     	;# 
    86     001B                     	;# 
    87     001C                     	;# 
    88     001D                     	;# 
    89     001E                     	;# 
    90     001F                     	;# 
    91     0081                     	;# 
    92     0085                     	;# 
    93     0086                     	;# 
    94     0087                     	;# 
    95     0088                     	;# 
    96     0089                     	;# 
    97     008C                     	;# 
    98     008D                     	;# 
    99     008E                     	;# 
   100     008F                     	;# 
   101     0090                     	;# 
   102     0091                     	;# 
   103     0092                     	;# 
   104     0093                     	;# 
   105     0093                     	;# 
   106     0093                     	;# 
   107     0094                     	;# 
   108     0095                     	;# 
   109     0096                     	;# 
   110     0097                     	;# 
   111     0098                     	;# 
   112     0099                     	;# 
   113     009A                     	;# 
   114     009B                     	;# 
   115     009C                     	;# 
   116     009D                     	;# 
   117     009E                     	;# 
   118     009F                     	;# 
   119     0105                     	;# 
   120     0107                     	;# 
   121     0108                     	;# 
   122     0109                     	;# 
   123     010C                     	;# 
   124     010C                     	;# 
   125     010D                     	;# 
   126     010E                     	;# 
   127     010F                     	;# 
   128     0185                     	;# 
   129     0187                     	;# 
   130     0188                     	;# 
   131     0189                     	;# 
   132     018C                     	;# 
   133     018D                     	;# 
   134     0000                     	;# 
   135     0001                     	;# 
   136     0002                     	;# 
   137     0003                     	;# 
   138     0004                     	;# 
   139     0005                     	;# 
   140     0006                     	;# 
   141     0007                     	;# 
   142     0008                     	;# 
   143     0009                     	;# 
   144     000A                     	;# 
   145     000B                     	;# 
   146     000C                     	;# 
   147     000D                     	;# 
   148     000E                     	;# 
   149     000E                     	;# 
   150     000F                     	;# 
   151     0010                     	;# 
   152     0011                     	;# 
   153     0012                     	;# 
   154     0013                     	;# 
   155     0014                     	;# 
   156     0015                     	;# 
   157     0015                     	;# 
   158     0016                     	;# 
   159     0017                     	;# 
   160     0018                     	;# 
   161     0019                     	;# 
   162     001A                     	;# 
   163     001B                     	;# 
   164     001B                     	;# 
   165     001C                     	;# 
   166     001D                     	;# 
   167     001E                     	;# 
   168     001F                     	;# 
   169     0081                     	;# 
   170     0085                     	;# 
   171     0086                     	;# 
   172     0087                     	;# 
   173     0088                     	;# 
   174     0089                     	;# 
   175     008C                     	;# 
   176     008D                     	;# 
   177     008E                     	;# 
   178     008F                     	;# 
   179     0090                     	;# 
   180     0091                     	;# 
   181     0092                     	;# 
   182     0093                     	;# 
   183     0093                     	;# 
   184     0093                     	;# 
   185     0094                     	;# 
   186     0095                     	;# 
   187     0096                     	;# 
   188     0097                     	;# 
   189     0098                     	;# 
   190     0099                     	;# 
   191     009A                     	;# 
   192     009B                     	;# 
   193     009C                     	;# 
   194     009D                     	;# 
   195     009E                     	;# 
   196     009F                     	;# 
   197     0105                     	;# 
   198     0107                     	;# 
   199     0108                     	;# 
   200     0109                     	;# 
   201     010C                     	;# 
   202     010C                     	;# 
   203     010D                     	;# 
   204     010E                     	;# 
   205     010F                     	;# 
   206     0185                     	;# 
   207     0187                     	;# 
   208     0188                     	;# 
   209     0189                     	;# 
   210     018C                     	;# 
   211     018D                     	;# 
   212     0000                     	;# 
   213     0001                     	;# 
   214     0002                     	;# 
   215     0003                     	;# 
   216     0004                     	;# 
   217     0005                     	;# 
   218     0006                     	;# 
   219     0007                     	;# 
   220     0008                     	;# 
   221     0009                     	;# 
   222     000A                     	;# 
   223     000B                     	;# 
   224     000C                     	;# 
   225     000D                     	;# 
   226     000E                     	;# 
   227     000E                     	;# 
   228     000F                     	;# 
   229     0010                     	;# 
   230     0011                     	;# 
   231     0012                     	;# 
   232     0013                     	;# 
   233     0014                     	;# 
   234     0015                     	;# 
   235     0015                     	;# 
   236     0016                     	;# 
   237     0017                     	;# 
   238     0018                     	;# 
   239     0019                     	;# 
   240     001A                     	;# 
   241     001B                     	;# 
   242     001B                     	;# 
   243     001C                     	;# 
   244     001D                     	;# 
   245     001E                     	;# 
   246     001F                     	;# 
   247     0081                     	;# 
   248     0085                     	;# 
   249     0086                     	;# 
   250     0087                     	;# 
   251     0088                     	;# 
   252     0089                     	;# 
   253     008C                     	;# 
   254     008D                     	;# 
   255     008E                     	;# 
   256     008F                     	;# 
   257     0090                     	;# 
   258     0091                     	;# 
   259     0092                     	;# 
   260     0093                     	;# 
   261     0093                     	;# 
   262     0093                     	;# 
   263     0094                     	;# 
   264     0095                     	;# 
   265     0096                     	;# 
   266     0097                     	;# 
   267     0098                     	;# 
   268     0099                     	;# 
   269     009A                     	;# 
   270     009B                     	;# 
   271     009C                     	;# 
   272     009D                     	;# 
   273     009E                     	;# 
   274     009F                     	;# 
   275     0105                     	;# 
   276     0107                     	;# 
   277     0108                     	;# 
   278     0109                     	;# 
   279     010C                     	;# 
   280     010C                     	;# 
   281     010D                     	;# 
   282     010E                     	;# 
   283     010F                     	;# 
   284     0185                     	;# 
   285     0187                     	;# 
   286     0188                     	;# 
   287     0189                     	;# 
   288     018C                     	;# 
   289     018D                     	;# 
   290     001B                     _CCPR2L	set	27
   291     001D                     _CCP2CONbits	set	29
   292     0012                     _T2CONbits	set	18
   293     0015                     _CCPR1L	set	21
   294     0017                     _CCP1CONbits	set	23
   295     000B                     _INTCONbits	set	11
   296     001E                     _ADRESH	set	30
   297     001F                     _ADCON0bits	set	31
   298     000C                     _PIR1bits	set	12
   299     0092                     _PR2	set	146
   300     0087                     _TRISCbits	set	135
   301     008C                     _PIE1bits	set	140
   302     009F                     _ADCON1bits	set	159
   303     008F                     _OSCCONbits	set	143
   304     0085                     _TRISA	set	133
   305     0189                     _ANSELH	set	393
   306     0188                     _ANSEL	set	392
   307                           
   308                           	psect	cinit
   309     0011                     start_initialization:	
   310                           ; #config settings
   311                           
   312     0011                     __initialization:
   313                           
   314                           ; Clear objects allocated to BANK0
   315     0011  1383               	bcf	3,7	;select IRP bank0
   316     0012  3040               	movlw	low __pbssBANK0
   317     0013  0084               	movwf	4
   318     0014  3050               	movlw	low (__pbssBANK0+16)
   319     0015  120A  118A  22AE  120A  118A  	fcall	clear_ram0
   320     001A                     end_of_initialization:	
   321                           ;End of C runtime variable initialization code
   322                           
   323     001A                     __end_of__initialization:
   324     001A  0183               	clrf	3
   325     001B  120A  118A  29E1   	ljmp	_main	;jump to C main() function
   326                           
   327                           	psect	bssBANK0
   328     0040                     __pbssBANK0:
   329     0040                     _val:
   330     0040                     	ds	4
   331     0044                     _periodo_ms:
   332     0044                     	ds	4
   333     0048                     _i:
   334     0048                     	ds	2
   335     004A                     _chn:
   336     004A                     	ds	2
   337     004C                     _chn2:
   338     004C                     	ds	2
   339     004E                     _chn1:
   340     004E                     	ds	2
   341                           
   342                           	psect	clrtext
   343     02AE                     clear_ram0:	
   344                           ;	Called with FSR containing the base address, and
   345                           ;	W with the last address+1
   346                           
   347     02AE  0064               	clrwdt	;clear the watchdog before getting into this loop
   348     02AF                     clrloop0:
   349     02AF  0180               	clrf	0	;clear RAM location pointed to by FSR
   350     02B0  0A84               	incf	4,f	;increment pointer
   351     02B1  0604               	xorwf	4,w	;XOR with final address
   352     02B2  1903               	btfsc	3,2	;have we reached the end yet?
   353     02B3  3400               	retlw	0	;all done for this memory range, return
   354     02B4  0604               	xorwf	4,w	;XOR again to restore value
   355     02B5  2AAF               	goto	clrloop0	;do the next byte
   356                           
   357                           	psect	cstackCOMMON
   358     0070                     __pcstackCOMMON:
   359     0070                     ?_setup:
   360     0070                     ?_isr:	
   361                           ; 1 bytes @ 0x0
   362                           
   363     0070                     ?_main:	
   364                           ; 1 bytes @ 0x0
   365                           
   366     0070                     ?___xxtofl:	
   367                           ; 1 bytes @ 0x0
   368                           
   369     0070                     ___xxtofl@val:	
   370                           ; 4 bytes @ 0x0
   371                           
   372                           
   373                           ; 4 bytes @ 0x0
   374     0070                     	ds	4
   375     0074                     ??___xxtofl:
   376                           
   377                           ; 1 bytes @ 0x4
   378     0074                     	ds	4
   379     0078                     ___xxtofl@sign:
   380                           
   381                           ; 1 bytes @ 0x8
   382     0078                     	ds	1
   383     0079                     ___xxtofl@exp:
   384                           
   385                           ; 1 bytes @ 0x9
   386     0079                     	ds	1
   387     007A                     ___xxtofl@arg:
   388                           
   389                           ; 4 bytes @ 0xA
   390     007A                     	ds	4
   391                           
   392                           	psect	cstackBANK0
   393     0020                     __pcstackBANK0:
   394     0020                     ?_PWM_duty:
   395     0020                     PWM_duty@chn:	
   396                           ; 1 bytes @ 0x0
   397                           
   398                           
   399                           ; 2 bytes @ 0x0
   400     0020                     	ds	2
   401     0022                     PWM_duty@duty:
   402                           
   403                           ; 4 bytes @ 0x2
   404     0022                     	ds	4
   405     0026                     ??_PWM_duty:
   406                           
   407                           ; 1 bytes @ 0x6
   408     0026                     	ds	1
   409     0027                     ??_isr:
   410                           
   411                           ; 1 bytes @ 0x7
   412     0027                     	ds	6
   413     002D                     ??_setup:
   414     002D                     ?___fltol:	
   415                           ; 1 bytes @ 0xD
   416                           
   417     002D                     ___fltol@f1:	
   418                           ; 4 bytes @ 0xD
   419                           
   420                           
   421                           ; 4 bytes @ 0xD
   422     002D                     	ds	4
   423     0031                     ??___fltol:
   424                           
   425                           ; 1 bytes @ 0x11
   426     0031                     	ds	4
   427     0035                     ___fltol@sign1:
   428                           
   429                           ; 1 bytes @ 0x15
   430     0035                     	ds	1
   431     0036                     ___fltol@exp1:
   432                           
   433                           ; 1 bytes @ 0x16
   434     0036                     	ds	1
   435     0037                     ?_PWM_init:
   436     0037                     PWM_init@chn1:	
   437                           ; 1 bytes @ 0x17
   438                           
   439                           
   440                           ; 2 bytes @ 0x17
   441     0037                     	ds	2
   442     0039                     PWM_init@chn2:
   443                           
   444                           ; 2 bytes @ 0x19
   445     0039                     	ds	2
   446     003B                     PWM_init@periodo_ms:
   447                           
   448                           ; 4 bytes @ 0x1B
   449     003B                     	ds	4
   450     003F                     ??_PWM_init:
   451     003F                     ??_main:	
   452                           ; 1 bytes @ 0x1F
   453                           
   454                           
   455                           ; 1 bytes @ 0x1F
   456     003F                     	ds	1
   457                           
   458                           	psect	maintext
   459     01E1                     __pmaintext:	
   460 ;;
   461 ;;Main: autosize = 0, tempsize = 1, incstack = 0, save=0
   462 ;;
   463 ;; *************** function _main *****************
   464 ;; Defined at:
   465 ;;		line 81 in file "Kart_main.c"
   466 ;; Parameters:    Size  Location     Type
   467 ;;		None
   468 ;; Auto vars:     Size  Location     Type
   469 ;;		None
   470 ;; Return value:  Size  Location     Type
   471 ;;                  1    wreg      void 
   472 ;; Registers used:
   473 ;;		wreg, status,2, status,0, btemp+1, pclath, cstack
   474 ;; Tracked objects:
   475 ;;		On entry : B00/0
   476 ;;		On exit  : 0/0
   477 ;;		Unchanged: 0/0
   478 ;; Data sizes:     COMMON   BANK0   BANK1   BANK3   BANK2
   479 ;;      Params:         0       0       0       0       0
   480 ;;      Locals:         0       0       0       0       0
   481 ;;      Temps:          0       1       0       0       0
   482 ;;      Totals:         0       1       0       0       0
   483 ;;Total ram usage:        1 bytes
   484 ;; Hardware stack levels required when called: 4
   485 ;; This function calls:
   486 ;;		_PWM_init
   487 ;;		_setup
   488 ;; This function is called by:
   489 ;;		Startup code after reset
   490 ;; This function uses a non-reentrant model
   491 ;;
   492                           
   493     01E1                     _main:	
   494                           ;psect for function _main
   495                           
   496     01E1                     l1036:	
   497                           ;incstack = 0
   498                           ; Regs used in _main: [wreg+status,2+status,0+btemp+1+pclath+cstack]
   499                           
   500                           
   501                           ;Kart_main.c: 83:     setup();
   502     01E1  120A  118A  2270  120A  118A  	fcall	_setup
   503                           
   504                           ;Kart_main.c: 84:      PWM_init (0,0,255);
   505     01E6  3000               	movlw	0
   506     01E7  1283               	bcf	3,5	;RP0=0, select bank0
   507     01E8  1303               	bcf	3,6	;RP1=0, select bank0
   508     01E9  00B7               	movwf	PWM_init@chn1
   509     01EA  00B8               	movwf	PWM_init@chn1+1
   510     01EB  3000               	movlw	0
   511     01EC  00B9               	movwf	PWM_init@chn2
   512     01ED  00BA               	movwf	PWM_init@chn2+1
   513     01EE  3043               	movlw	67
   514     01EF  00BE               	movwf	PWM_init@periodo_ms+3
   515     01F0  307F               	movlw	127
   516     01F1  00BD               	movwf	PWM_init@periodo_ms+2
   517     01F2  3000               	movlw	0
   518     01F3  00BC               	movwf	PWM_init@periodo_ms+1
   519     01F4  3000               	movlw	0
   520     01F5  00BB               	movwf	PWM_init@periodo_ms
   521     01F6  120A  118A  222B  120A  118A  	fcall	_PWM_init
   522     01FB                     l1038:
   523                           
   524                           ;Kart_main.c: 85:     ADCON0bits.GO =1;
   525     01FB  1283               	bcf	3,5	;RP0=0, select bank0
   526     01FC  1303               	bcf	3,6	;RP1=0, select bank0
   527     01FD  149F               	bsf	31,1	;volatile
   528     01FE                     l1040:
   529                           
   530                           ;Kart_main.c: 86:     i=0;
   531     01FE  01C8               	clrf	_i
   532     01FF  01C9               	clrf	_i+1
   533     0200                     l1042:
   534                           
   535                           ;Kart_main.c: 88:     {;Kart_main.c: 90:        if (ADCON0bits.GO ==0){
   536     0200  1283               	bcf	3,5	;RP0=0, select bank0
   537     0201  1303               	bcf	3,6	;RP1=0, select bank0
   538     0202  189F               	btfsc	31,1	;volatile
   539     0203  2A05               	goto	u631
   540     0204  2A06               	goto	u630
   541     0205                     u631:
   542     0205  2A00               	goto	l1042
   543     0206                     u630:
   544     0206                     l1044:
   545                           
   546                           ;Kart_main.c: 91:            for (i=0;i<=2;i++){
   547     0206  01C8               	clrf	_i
   548     0207  01C9               	clrf	_i+1
   549     0208                     l1050:
   550                           
   551                           ;Kart_main.c: 92:            ADCON0bits.CHS = i;
   552     0208  1283               	bcf	3,5	;RP0=0, select bank0
   553     0209  1303               	bcf	3,6	;RP1=0, select bank0
   554     020A  0848               	movf	_i,w
   555     020B  00BF               	movwf	??_main
   556     020C  0DBF               	rlf	??_main,f
   557     020D  0DBF               	rlf	??_main,f
   558     020E  081F               	movf	31,w	;volatile
   559     020F  063F               	xorwf	??_main,w
   560     0210  39C3               	andlw	-61
   561     0211  063F               	xorwf	??_main,w
   562     0212  009F               	movwf	31	;volatile
   563     0213                     l1052:
   564                           
   565                           ;Kart_main.c: 93:            ADCON0bits.GO =1;
   566     0213  149F               	bsf	31,1	;volatile
   567     0214                     l1054:
   568                           
   569                           ;Kart_main.c: 95:            }
   570     0214  3001               	movlw	1
   571     0215  07C8               	addwf	_i,f
   572     0216  1803               	skipnc
   573     0217  0AC9               	incf	_i+1,f
   574     0218  3000               	movlw	0
   575     0219  07C9               	addwf	_i+1,f
   576     021A                     l1056:
   577     021A  0849               	movf	_i+1,w
   578     021B  3A80               	xorlw	128
   579     021C  00FF               	movwf	btemp+1
   580     021D  3080               	movlw	128
   581     021E  027F               	subwf	btemp+1,w
   582     021F  1D03               	skipz
   583     0220  2A23               	goto	u645
   584     0221  3003               	movlw	3
   585     0222  0248               	subwf	_i,w
   586     0223                     u645:
   587     0223  1C03               	skipc
   588     0224  2A26               	goto	u641
   589     0225  2A27               	goto	u640
   590     0226                     u641:
   591     0226  2A08               	goto	l1050
   592     0227                     u640:
   593     0227  2A00               	goto	l1042
   594     0228  120A  118A  280E   	ljmp	start
   595     022B                     __end_of_main:
   596                           
   597                           	psect	text1
   598     0270                     __ptext1:	
   599 ;; *************** function _setup *****************
   600 ;; Defined at:
   601 ;;		line 107 in file "Kart_main.c"
   602 ;; Parameters:    Size  Location     Type
   603 ;;		None
   604 ;; Auto vars:     Size  Location     Type
   605 ;;		None
   606 ;; Return value:  Size  Location     Type
   607 ;;                  1    wreg      void 
   608 ;; Registers used:
   609 ;;		wreg, status,2, status,0
   610 ;; Tracked objects:
   611 ;;		On entry : 0/0
   612 ;;		On exit  : 0/0
   613 ;;		Unchanged: 0/0
   614 ;; Data sizes:     COMMON   BANK0   BANK1   BANK3   BANK2
   615 ;;      Params:         0       0       0       0       0
   616 ;;      Locals:         0       0       0       0       0
   617 ;;      Temps:          0       1       0       0       0
   618 ;;      Totals:         0       1       0       0       0
   619 ;;Total ram usage:        1 bytes
   620 ;; Hardware stack levels used: 1
   621 ;; Hardware stack levels required when called: 2
   622 ;; This function calls:
   623 ;;		Nothing
   624 ;; This function is called by:
   625 ;;		_main
   626 ;; This function uses a non-reentrant model
   627 ;;
   628                           
   629     0270                     _setup:	
   630                           ;psect for function _setup
   631                           
   632     0270                     l918:	
   633                           ;incstack = 0
   634                           ; Regs used in _setup: [wreg+status,2+status,0]
   635                           
   636                           
   637                           ;Kart_main.c: 108:     ANSEL = 0b00000011;
   638     0270  3003               	movlw	3
   639     0271  1683               	bsf	3,5	;RP0=1, select bank3
   640     0272  1703               	bsf	3,6	;RP1=1, select bank3
   641     0273  0088               	movwf	8	;volatile
   642     0274                     l920:
   643                           
   644                           ;Kart_main.c: 109:     ANSELH = 0;
   645     0274  0189               	clrf	9	;volatile
   646     0275                     l922:
   647                           
   648                           ;Kart_main.c: 111:     TRISA = 0xFF;
   649     0275  30FF               	movlw	255
   650     0276  1683               	bsf	3,5	;RP0=1, select bank1
   651     0277  1303               	bcf	3,6	;RP1=0, select bank1
   652     0278  0085               	movwf	5	;volatile
   653     0279                     l924:
   654                           
   655                           ;Kart_main.c: 118:     OSCCONbits.IRCF = 0b0111;
   656     0279  3070               	movlw	112
   657     027A  048F               	iorwf	15,f	;volatile
   658     027B                     l926:
   659                           
   660                           ;Kart_main.c: 119:     OSCCONbits.SCS = 1;
   661     027B  140F               	bsf	15,0	;volatile
   662     027C                     l928:
   663                           
   664                           ;Kart_main.c: 122:     ADCON1bits.ADFM = 0;
   665     027C  139F               	bcf	31,7	;volatile
   666     027D                     l930:
   667                           
   668                           ;Kart_main.c: 123:     ADCON1bits.VCFG0 = 0;
   669     027D  121F               	bcf	31,4	;volatile
   670     027E                     l932:
   671                           
   672                           ;Kart_main.c: 124:     ADCON1bits.VCFG1 = 0;
   673     027E  129F               	bcf	31,5	;volatile
   674     027F                     l934:
   675                           
   676                           ;Kart_main.c: 126:     ADCON0bits.ADCS = 0b01;
   677     027F  1283               	bcf	3,5	;RP0=0, select bank0
   678     0280  1303               	bcf	3,6	;RP1=0, select bank0
   679     0281  081F               	movf	31,w	;volatile
   680     0282  393F               	andlw	-193
   681     0283  3840               	iorlw	64
   682     0284  009F               	movwf	31	;volatile
   683     0285                     l936:
   684                           
   685                           ;Kart_main.c: 127:     ADCON0bits.CHS = 0;
   686     0285  30C3               	movlw	-61
   687     0286  059F               	andwf	31,f	;volatile
   688     0287                     l938:
   689                           
   690                           ;Kart_main.c: 128:     ADCON0bits.ADON= 1;
   691     0287  141F               	bsf	31,0	;volatile
   692     0288                     l940:
   693                           
   694                           ;Kart_main.c: 129:     _delay((unsigned long)((50)*(4000000/4000000.0)));
   695     0288  300F               	movlw	15
   696     0289  1283               	bcf	3,5	;RP0=0, select bank0
   697     028A  1303               	bcf	3,6	;RP1=0, select bank0
   698     028B  00AD               	movwf	??_setup
   699     028C                     u657:
   700     028C  0BAD               	decfsz	??_setup,f
   701     028D  2A8C               	goto	u657
   702     028E  2A8F               	nop2
   703     028F                     l942:
   704                           
   705                           ;Kart_main.c: 133:     PIR1bits.ADIF = 0;
   706     028F  1283               	bcf	3,5	;RP0=0, select bank0
   707     0290  1303               	bcf	3,6	;RP1=0, select bank0
   708     0291  130C               	bcf	12,6	;volatile
   709     0292                     l944:
   710                           
   711                           ;Kart_main.c: 134:     PIE1bits.ADIE = 1;
   712     0292  1683               	bsf	3,5	;RP0=1, select bank1
   713     0293  1303               	bcf	3,6	;RP1=0, select bank1
   714     0294  170C               	bsf	12,6	;volatile
   715     0295                     l946:
   716                           
   717                           ;Kart_main.c: 135:     INTCONbits.PEIE = 1;
   718     0295  170B               	bsf	11,6	;volatile
   719     0296                     l948:
   720                           
   721                           ;Kart_main.c: 136:     INTCONbits.GIE = 1;
   722     0296  178B               	bsf	11,7	;volatile
   723     0297                     l65:
   724     0297  0008               	return
   725     0298                     __end_of_setup:
   726                           
   727                           	psect	text2
   728     022B                     __ptext2:	
   729 ;; *************** function _PWM_init *****************
   730 ;; Defined at:
   731 ;;		line 11 in file "PWM.c"
   732 ;; Parameters:    Size  Location     Type
   733 ;;  chn1            2   23[BANK0 ] int 
   734 ;;  chn2            2   25[BANK0 ] int 
   735 ;;  periodo_ms      4   27[BANK0 ] float 
   736 ;; Auto vars:     Size  Location     Type
   737 ;;		None
   738 ;; Return value:  Size  Location     Type
   739 ;;                  1    wreg      void 
   740 ;; Registers used:
   741 ;;		wreg, status,2, status,0, pclath, cstack
   742 ;; Tracked objects:
   743 ;;		On entry : 0/0
   744 ;;		On exit  : 0/0
   745 ;;		Unchanged: 0/0
   746 ;; Data sizes:     COMMON   BANK0   BANK1   BANK3   BANK2
   747 ;;      Params:         0       8       0       0       0
   748 ;;      Locals:         0       0       0       0       0
   749 ;;      Temps:          0       0       0       0       0
   750 ;;      Totals:         0       8       0       0       0
   751 ;;Total ram usage:        8 bytes
   752 ;; Hardware stack levels used: 1
   753 ;; Hardware stack levels required when called: 3
   754 ;; This function calls:
   755 ;;		___fltol
   756 ;; This function is called by:
   757 ;;		_main
   758 ;; This function uses a non-reentrant model
   759 ;;
   760                           
   761     022B                     _PWM_init:	
   762                           ;psect for function _PWM_init
   763                           
   764     022B                     l950:	
   765                           ;incstack = 0
   766                           ; Regs used in _PWM_init: [wreg+status,2+status,0+pclath+cstack]
   767                           
   768                           
   769                           ;PWM.c: 13:     TRISCbits.TRISC1 = chn2;
   770     022B  1283               	bcf	3,5	;RP0=0, select bank0
   771     022C  1303               	bcf	3,6	;RP1=0, select bank0
   772     022D  0C39               	rrf	PWM_init@chn2,w
   773     022E  1683               	bsf	3,5	;RP0=1, select bank1
   774     022F  1303               	bcf	3,6	;RP1=0, select bank1
   775     0230  1C03               	skipc
   776     0231  1087               	bcf	7,1	;volatile
   777     0232  1803               	skipnc
   778     0233  1487               	bsf	7,1	;volatile
   779                           
   780                           ;PWM.c: 14:     TRISCbits.TRISC2 = chn1;
   781     0234  1283               	bcf	3,5	;RP0=0, select bank0
   782     0235  1303               	bcf	3,6	;RP1=0, select bank0
   783     0236  0C37               	rrf	PWM_init@chn1,w
   784     0237  1683               	bsf	3,5	;RP0=1, select bank1
   785     0238  1303               	bcf	3,6	;RP1=0, select bank1
   786     0239  1C03               	skipc
   787     023A  1107               	bcf	7,2	;volatile
   788     023B  1803               	skipnc
   789     023C  1507               	bsf	7,2	;volatile
   790     023D                     l952:
   791                           
   792                           ;PWM.c: 16:     PR2 = periodo_ms;
   793     023D  1283               	bcf	3,5	;RP0=0, select bank0
   794     023E  1303               	bcf	3,6	;RP1=0, select bank0
   795     023F  083E               	movf	PWM_init@periodo_ms+3,w
   796     0240  00B0               	movwf	___fltol@f1+3
   797     0241  083D               	movf	PWM_init@periodo_ms+2,w
   798     0242  00AF               	movwf	___fltol@f1+2
   799     0243  083C               	movf	PWM_init@periodo_ms+1,w
   800     0244  00AE               	movwf	___fltol@f1+1
   801     0245  083B               	movf	PWM_init@periodo_ms,w
   802     0246  00AD               	movwf	___fltol@f1
   803     0247  120A  118A  2169  120A  118A  	fcall	___fltol
   804     024C  1283               	bcf	3,5	;RP0=0, select bank0
   805     024D  1303               	bcf	3,6	;RP1=0, select bank0
   806     024E  082D               	movf	?___fltol,w
   807     024F  1683               	bsf	3,5	;RP0=1, select bank1
   808     0250  1303               	bcf	3,6	;RP1=0, select bank1
   809     0251  0092               	movwf	18	;volatile
   810     0252                     l954:
   811                           
   812                           ;PWM.c: 17:     CCP1CONbits.P1M =0;
   813     0252  303F               	movlw	-193
   814     0253  1283               	bcf	3,5	;RP0=0, select bank0
   815     0254  1303               	bcf	3,6	;RP1=0, select bank0
   816     0255  0597               	andwf	23,f	;volatile
   817     0256                     l956:
   818                           
   819                           ;PWM.c: 18:     CCP1CONbits.CCP1M =0b1100;
   820     0256  0817               	movf	23,w	;volatile
   821     0257  39F0               	andlw	-16
   822     0258  380C               	iorlw	12
   823     0259  0097               	movwf	23	;volatile
   824     025A                     l958:
   825                           
   826                           ;PWM.c: 20:     CCPR1L = 0x0f;
   827     025A  300F               	movlw	15
   828     025B  0095               	movwf	21	;volatile
   829     025C                     l960:
   830                           
   831                           ;PWM.c: 21:     CCP1CONbits.DC1B= 0;
   832     025C  30CF               	movlw	-49
   833     025D  0597               	andwf	23,f	;volatile
   834     025E                     l962:
   835                           
   836                           ;PWM.c: 23:     PIR1bits.TMR2IF =0;
   837     025E  108C               	bcf	12,1	;volatile
   838     025F                     l964:
   839                           
   840                           ;PWM.c: 24:     T2CONbits.T2CKPS = 0b11;
   841     025F  3003               	movlw	3
   842     0260  0492               	iorwf	18,f	;volatile
   843     0261                     l966:
   844                           
   845                           ;PWM.c: 25:     T2CONbits.TMR2ON = 1;
   846     0261  1512               	bsf	18,2	;volatile
   847     0262                     l968:
   848                           
   849                           ;PWM.c: 28:     CCP2CONbits.CCP2M = 0b1100;
   850     0262  081D               	movf	29,w	;volatile
   851     0263  39F0               	andlw	-16
   852     0264  380C               	iorlw	12
   853     0265  009D               	movwf	29	;volatile
   854     0266                     l970:
   855                           
   856                           ;PWM.c: 29:     CCPR2L = 0x0f;
   857     0266  300F               	movlw	15
   858     0267  009B               	movwf	27	;volatile
   859     0268                     l972:
   860                           
   861                           ;PWM.c: 30:     CCP2CONbits.DC2B0 = 0;
   862     0268  121D               	bcf	29,4	;volatile
   863     0269                     l974:
   864                           
   865                           ;PWM.c: 31:     CCP2CONbits.DC2B1 = 0;
   866     0269  129D               	bcf	29,5	;volatile
   867     026A                     l94:	
   868                           ;PWM.c: 34:     while (PIR1bits.TMR2IF == 0);
   869                           
   870     026A  1C8C               	btfss	12,1	;volatile
   871     026B  2A6D               	goto	u441
   872     026C  2A6E               	goto	u440
   873     026D                     u441:
   874     026D  2A6A               	goto	l94
   875     026E                     u440:
   876     026E                     l96:
   877                           
   878                           ;PWM.c: 35:     PIR1bits.TMR2IF = 0;
   879     026E  108C               	bcf	12,1	;volatile
   880     026F                     l97:
   881     026F  0008               	return
   882     0270                     __end_of_PWM_init:
   883                           
   884                           	psect	text3
   885     0169                     __ptext3:	
   886 ;; *************** function ___fltol *****************
   887 ;; Defined at:
   888 ;;		line 43 in file "C:\Program Files\Microchip\xc8\v2.40\pic\sources\c90\common\fltol.c"
   889 ;; Parameters:    Size  Location     Type
   890 ;;  f1              4   13[BANK0 ] void 
   891 ;; Auto vars:     Size  Location     Type
   892 ;;  exp1            1   22[BANK0 ] unsigned char 
   893 ;;  sign1           1   21[BANK0 ] unsigned char 
   894 ;; Return value:  Size  Location     Type
   895 ;;                  4   13[BANK0 ] long 
   896 ;; Registers used:
   897 ;;		wreg, status,2, status,0
   898 ;; Tracked objects:
   899 ;;		On entry : 0/0
   900 ;;		On exit  : 0/0
   901 ;;		Unchanged: 0/0
   902 ;; Data sizes:     COMMON   BANK0   BANK1   BANK3   BANK2
   903 ;;      Params:         0       4       0       0       0
   904 ;;      Locals:         0       2       0       0       0
   905 ;;      Temps:          0       4       0       0       0
   906 ;;      Totals:         0      10       0       0       0
   907 ;;Total ram usage:       10 bytes
   908 ;; Hardware stack levels used: 1
   909 ;; Hardware stack levels required when called: 2
   910 ;; This function calls:
   911 ;;		Nothing
   912 ;; This function is called by:
   913 ;;		_PWM_init
   914 ;; This function uses a non-reentrant model
   915 ;;
   916                           
   917     0169                     ___fltol:	
   918                           ;psect for function ___fltol
   919                           
   920     0169                     l876:	
   921                           ;incstack = 0
   922                           ; Regs used in ___fltol: [wreg+status,2+status,0]
   923                           
   924     0169  1003               	clrc
   925     016A  1283               	bcf	3,5	;RP0=0, select bank0
   926     016B  1303               	bcf	3,6	;RP1=0, select bank0
   927     016C  0D2F               	rlf	___fltol@f1+2,w
   928     016D  0D30               	rlf	___fltol@f1+3,w
   929     016E  00B6               	movwf	___fltol@exp1
   930     016F  0836               	movf	___fltol@exp1,w
   931     0170  1D03               	btfss	3,2
   932     0171  2973               	goto	u331
   933     0172  2974               	goto	u330
   934     0173                     u331:
   935     0173  297D               	goto	l882
   936     0174                     u330:
   937     0174                     l878:
   938     0174  3000               	movlw	0
   939     0175  00B0               	movwf	?___fltol+3
   940     0176  3000               	movlw	0
   941     0177  00AF               	movwf	?___fltol+2
   942     0178  3000               	movlw	0
   943     0179  00AE               	movwf	?___fltol+1
   944     017A  3000               	movlw	0
   945     017B  00AD               	movwf	?___fltol
   946     017C  29E0               	goto	l374
   947     017D                     l882:
   948     017D  082D               	movf	___fltol@f1,w
   949     017E  00B1               	movwf	??___fltol
   950     017F  082E               	movf	___fltol@f1+1,w
   951     0180  00B2               	movwf	??___fltol+1
   952     0181  082F               	movf	___fltol@f1+2,w
   953     0182  00B3               	movwf	??___fltol+2
   954     0183  0830               	movf	___fltol@f1+3,w
   955     0184  00B4               	movwf	??___fltol+3
   956     0185  301F               	movlw	31
   957     0186                     u345:
   958     0186  1003               	clrc
   959     0187  0CB4               	rrf	??___fltol+3,f
   960     0188  0CB3               	rrf	??___fltol+2,f
   961     0189  0CB2               	rrf	??___fltol+1,f
   962     018A  0CB1               	rrf	??___fltol,f
   963     018B                     u340:
   964     018B  3EFF               	addlw	-1
   965     018C  1D03               	skipz
   966     018D  2986               	goto	u345
   967     018E  0831               	movf	??___fltol,w
   968     018F  00B5               	movwf	___fltol@sign1
   969     0190                     l884:
   970     0190  17AF               	bsf	___fltol@f1+2,7
   971     0191                     l886:
   972     0191  30FF               	movlw	255
   973     0192  05AD               	andwf	___fltol@f1,f
   974     0193  30FF               	movlw	255
   975     0194  05AE               	andwf	___fltol@f1+1,f
   976     0195  30FF               	movlw	255
   977     0196  05AF               	andwf	___fltol@f1+2,f
   978     0197  3000               	movlw	0
   979     0198  05B0               	andwf	___fltol@f1+3,f
   980     0199                     l888:
   981     0199  3096               	movlw	150
   982     019A  02B6               	subwf	___fltol@exp1,f
   983     019B                     l890:
   984     019B  1FB6               	btfss	___fltol@exp1,7
   985     019C  299E               	goto	u351
   986     019D  299F               	goto	u350
   987     019E                     u351:
   988     019E  29B9               	goto	l900
   989     019F                     u350:
   990     019F                     l892:
   991     019F  0836               	movf	___fltol@exp1,w
   992     01A0  3A80               	xorlw	128
   993     01A1  3E97               	addlw	151
   994     01A2  1803               	skipnc
   995     01A3  29A5               	goto	u361
   996     01A4  29A6               	goto	u360
   997     01A5                     u361:
   998     01A5  29A7               	goto	l898
   999     01A6                     u360:
  1000     01A6  2974               	goto	l878
  1001     01A7                     l898:
  1002     01A7  3001               	movlw	1
  1003     01A8                     u375:
  1004     01A8  1003               	clrc
  1005     01A9  0CB0               	rrf	___fltol@f1+3,f
  1006     01AA  0CAF               	rrf	___fltol@f1+2,f
  1007     01AB  0CAE               	rrf	___fltol@f1+1,f
  1008     01AC  0CAD               	rrf	___fltol@f1,f
  1009     01AD  3EFF               	addlw	-1
  1010     01AE  1D03               	skipz
  1011     01AF  29A8               	goto	u375
  1012     01B0  3001               	movlw	1
  1013     01B1  00B1               	movwf	??___fltol
  1014     01B2  0831               	movf	??___fltol,w
  1015     01B3  07B6               	addwf	___fltol@exp1,f
  1016     01B4  1D03               	btfss	3,2
  1017     01B5  29B7               	goto	u381
  1018     01B6  29B8               	goto	u380
  1019     01B7                     u381:
  1020     01B7  29A7               	goto	l898
  1021     01B8                     u380:
  1022     01B8  29D0               	goto	l908
  1023     01B9                     l900:
  1024     01B9  3020               	movlw	32
  1025     01BA  0236               	subwf	___fltol@exp1,w
  1026     01BB  1C03               	skipc
  1027     01BC  29BE               	goto	u391
  1028     01BD  29BF               	goto	u390
  1029     01BE                     u391:
  1030     01BE  29CB               	goto	l381
  1031     01BF                     u390:
  1032     01BF  2974               	goto	l878
  1033     01C0                     l906:
  1034     01C0  3001               	movlw	1
  1035     01C1  00B1               	movwf	??___fltol
  1036     01C2                     u405:
  1037     01C2  1003               	clrc
  1038     01C3  0DAD               	rlf	___fltol@f1,f
  1039     01C4  0DAE               	rlf	___fltol@f1+1,f
  1040     01C5  0DAF               	rlf	___fltol@f1+2,f
  1041     01C6  0DB0               	rlf	___fltol@f1+3,f
  1042     01C7  0BB1               	decfsz	??___fltol,f
  1043     01C8  29C2               	goto	u405
  1044     01C9  3001               	movlw	1
  1045     01CA  02B6               	subwf	___fltol@exp1,f
  1046     01CB                     l381:
  1047     01CB  0836               	movf	___fltol@exp1,w
  1048     01CC  1D03               	btfss	3,2
  1049     01CD  29CF               	goto	u411
  1050     01CE  29D0               	goto	u410
  1051     01CF                     u411:
  1052     01CF  29C0               	goto	l906
  1053     01D0                     u410:
  1054     01D0                     l908:
  1055     01D0  0835               	movf	___fltol@sign1,w
  1056     01D1  1903               	btfsc	3,2
  1057     01D2  29D4               	goto	u421
  1058     01D3  29D5               	goto	u420
  1059     01D4                     u421:
  1060     01D4  29E0               	goto	l384
  1061     01D5                     u420:
  1062     01D5                     l910:
  1063     01D5  09AD               	comf	___fltol@f1,f
  1064     01D6  09AE               	comf	___fltol@f1+1,f
  1065     01D7  09AF               	comf	___fltol@f1+2,f
  1066     01D8  09B0               	comf	___fltol@f1+3,f
  1067     01D9  0AAD               	incf	___fltol@f1,f
  1068     01DA  1903               	skipnz
  1069     01DB  0AAE               	incf	___fltol@f1+1,f
  1070     01DC  1903               	skipnz
  1071     01DD  0AAF               	incf	___fltol@f1+2,f
  1072     01DE  1903               	skipnz
  1073     01DF  0AB0               	incf	___fltol@f1+3,f
  1074     01E0                     l384:
  1075     01E0                     l374:
  1076     01E0  0008               	return
  1077     01E1                     __end_of___fltol:
  1078                           
  1079                           	psect	text4
  1080     00D6                     __ptext4:	
  1081 ;; *************** function _isr *****************
  1082 ;; Defined at:
  1083 ;;		line 52 in file "Kart_main.c"
  1084 ;; Parameters:    Size  Location     Type
  1085 ;;		None
  1086 ;; Auto vars:     Size  Location     Type
  1087 ;;		None
  1088 ;; Return value:  Size  Location     Type
  1089 ;;                  1    wreg      void 
  1090 ;; Registers used:
  1091 ;;		wreg, status,2, status,0, pclath, cstack
  1092 ;; Tracked objects:
  1093 ;;		On entry : 0/0
  1094 ;;		On exit  : 0/0
  1095 ;;		Unchanged: 0/0
  1096 ;; Data sizes:     COMMON   BANK0   BANK1   BANK3   BANK2
  1097 ;;      Params:         0       0       0       0       0
  1098 ;;      Locals:         0       0       0       0       0
  1099 ;;      Temps:          0       6       0       0       0
  1100 ;;      Totals:         0       6       0       0       0
  1101 ;;Total ram usage:        6 bytes
  1102 ;; Hardware stack levels used: 1
  1103 ;; Hardware stack levels required when called: 1
  1104 ;; This function calls:
  1105 ;;		_PWM_duty
  1106 ;;		___xxtofl
  1107 ;; This function is called by:
  1108 ;;		Interrupt level 1
  1109 ;; This function uses a non-reentrant model
  1110 ;;
  1111                           
  1112     00D6                     _isr:	
  1113                           ;psect for function _isr
  1114                           
  1115     00D6                     i1l1020:
  1116                           
  1117                           ;Kart_main.c: 54:    if(PIR1bits.ADIF){
  1118     00D6  1F0C               	btfss	12,6	;volatile
  1119     00D7  28D9               	goto	u59_21
  1120     00D8  28DA               	goto	u59_20
  1121     00D9                     u59_21:
  1122     00D9  2962               	goto	i1l51
  1123     00DA                     u59_20:
  1124     00DA                     i1l1022:
  1125                           
  1126                           ;Kart_main.c: 56:        if (ADCON0bits.CHS ==1){
  1127     00DA  0C1F               	rrf	31,w	;volatile
  1128     00DB  00A7               	movwf	??_isr
  1129     00DC  0C27               	rrf	??_isr,w
  1130     00DD  390F               	andlw	15
  1131     00DE  3A01               	xorlw	1
  1132     00DF  1D03               	skipz
  1133     00E0  28E2               	goto	u60_21
  1134     00E1  28E3               	goto	u60_20
  1135     00E2                     u60_21:
  1136     00E2  2909               	goto	i1l1026
  1137     00E3                     u60_20:
  1138     00E3                     i1l1024:
  1139                           
  1140                           ;Kart_main.c: 57:              PWM_duty(0,ADRESH);
  1141     00E3  3000               	movlw	0
  1142     00E4  00A0               	movwf	PWM_duty@chn
  1143     00E5  00A1               	movwf	PWM_duty@chn+1
  1144     00E6  081E               	movf	30,w	;volatile
  1145     00E7  00A7               	movwf	??_isr
  1146     00E8  01A8               	clrf	??_isr+1
  1147     00E9  01A9               	clrf	??_isr+2
  1148     00EA  01AA               	clrf	??_isr+3
  1149     00EB  082A               	movf	??_isr+3,w
  1150     00EC  00F3               	movwf	___xxtofl@val+3
  1151     00ED  0829               	movf	??_isr+2,w
  1152     00EE  00F2               	movwf	___xxtofl@val+2
  1153     00EF  0828               	movf	??_isr+1,w
  1154     00F0  00F1               	movwf	___xxtofl@val+1
  1155     00F1  0827               	movf	??_isr,w
  1156     00F2  00F0               	movwf	___xxtofl@val
  1157     00F3  3000               	movlw	0
  1158     00F4  120A  118A  201E  120A  118A  	fcall	___xxtofl
  1159     00F9  0873               	movf	?___xxtofl+3,w
  1160     00FA  1283               	bcf	3,5	;RP0=0, select bank0
  1161     00FB  1303               	bcf	3,6	;RP1=0, select bank0
  1162     00FC  00A5               	movwf	PWM_duty@duty+3
  1163     00FD  0872               	movf	?___xxtofl+2,w
  1164     00FE  00A4               	movwf	PWM_duty@duty+2
  1165     00FF  0871               	movf	?___xxtofl+1,w
  1166     0100  00A3               	movwf	PWM_duty@duty+1
  1167     0101  0870               	movf	?___xxtofl,w
  1168     0102  00A2               	movwf	PWM_duty@duty
  1169     0103  120A  118A  2298  120A  118A  	fcall	_PWM_duty
  1170                           
  1171                           ;Kart_main.c: 60:         }
  1172     0108  295F               	goto	i1l1034
  1173     0109                     i1l1026:
  1174     0109  0C1F               	rrf	31,w	;volatile
  1175     010A  00A7               	movwf	??_isr
  1176     010B  0C27               	rrf	??_isr,w
  1177     010C  390F               	andlw	15
  1178     010D  3A00               	xorlw	0
  1179     010E  1D03               	skipz
  1180     010F  2911               	goto	u61_21
  1181     0110  2912               	goto	u61_20
  1182     0111                     u61_21:
  1183     0111  2939               	goto	i1l1030
  1184     0112                     u61_20:
  1185     0112                     i1l1028:
  1186                           
  1187                           ;Kart_main.c: 62:             PWM_duty(1 ,ADRESH);
  1188     0112  3001               	movlw	1
  1189     0113  00A0               	movwf	PWM_duty@chn
  1190     0114  3000               	movlw	0
  1191     0115  00A1               	movwf	PWM_duty@chn+1
  1192     0116  081E               	movf	30,w	;volatile
  1193     0117  00A7               	movwf	??_isr
  1194     0118  01A8               	clrf	??_isr+1
  1195     0119  01A9               	clrf	??_isr+2
  1196     011A  01AA               	clrf	??_isr+3
  1197     011B  082A               	movf	??_isr+3,w
  1198     011C  00F3               	movwf	___xxtofl@val+3
  1199     011D  0829               	movf	??_isr+2,w
  1200     011E  00F2               	movwf	___xxtofl@val+2
  1201     011F  0828               	movf	??_isr+1,w
  1202     0120  00F1               	movwf	___xxtofl@val+1
  1203     0121  0827               	movf	??_isr,w
  1204     0122  00F0               	movwf	___xxtofl@val
  1205     0123  3000               	movlw	0
  1206     0124  120A  118A  201E  120A  118A  	fcall	___xxtofl
  1207     0129  0873               	movf	?___xxtofl+3,w
  1208     012A  1283               	bcf	3,5	;RP0=0, select bank0
  1209     012B  1303               	bcf	3,6	;RP1=0, select bank0
  1210     012C  00A5               	movwf	PWM_duty@duty+3
  1211     012D  0872               	movf	?___xxtofl+2,w
  1212     012E  00A4               	movwf	PWM_duty@duty+2
  1213     012F  0871               	movf	?___xxtofl+1,w
  1214     0130  00A3               	movwf	PWM_duty@duty+1
  1215     0131  0870               	movf	?___xxtofl,w
  1216     0132  00A2               	movwf	PWM_duty@duty
  1217     0133  120A  118A  2298  120A  118A  	fcall	_PWM_duty
  1218                           
  1219                           ;Kart_main.c: 64:         }
  1220     0138  295F               	goto	i1l1034
  1221     0139                     i1l1030:
  1222     0139  0C1F               	rrf	31,w	;volatile
  1223     013A  00A7               	movwf	??_isr
  1224     013B  0C27               	rrf	??_isr,w
  1225     013C  390F               	andlw	15
  1226     013D  3A02               	xorlw	2
  1227     013E  1D03               	skipz
  1228     013F  2941               	goto	u62_21
  1229     0140  2942               	goto	u62_20
  1230     0141                     u62_21:
  1231     0141  295F               	goto	i1l1034
  1232     0142                     u62_20:
  1233     0142                     i1l1032:
  1234                           
  1235                           ;Kart_main.c: 66:             val = ADRESH;
  1236     0142  081E               	movf	30,w	;volatile
  1237     0143  00A7               	movwf	??_isr
  1238     0144  01A8               	clrf	??_isr+1
  1239     0145  01A9               	clrf	??_isr+2
  1240     0146  01AA               	clrf	??_isr+3
  1241     0147  082A               	movf	??_isr+3,w
  1242     0148  00F3               	movwf	___xxtofl@val+3
  1243     0149  0829               	movf	??_isr+2,w
  1244     014A  00F2               	movwf	___xxtofl@val+2
  1245     014B  0828               	movf	??_isr+1,w
  1246     014C  00F1               	movwf	___xxtofl@val+1
  1247     014D  0827               	movf	??_isr,w
  1248     014E  00F0               	movwf	___xxtofl@val
  1249     014F  3000               	movlw	0
  1250     0150  120A  118A  201E  120A  118A  	fcall	___xxtofl
  1251     0155  0873               	movf	?___xxtofl+3,w
  1252     0156  1283               	bcf	3,5	;RP0=0, select bank0
  1253     0157  1303               	bcf	3,6	;RP1=0, select bank0
  1254     0158  00C3               	movwf	_val+3
  1255     0159  0872               	movf	?___xxtofl+2,w
  1256     015A  00C2               	movwf	_val+2
  1257     015B  0871               	movf	?___xxtofl+1,w
  1258     015C  00C1               	movwf	_val+1
  1259     015D  0870               	movf	?___xxtofl,w
  1260     015E  00C0               	movwf	_val
  1261     015F                     i1l1034:
  1262                           
  1263                           ;Kart_main.c: 67:             PIR1bits.ADIF =0;
  1264     015F  1283               	bcf	3,5	;RP0=0, select bank0
  1265     0160  1303               	bcf	3,6	;RP1=0, select bank0
  1266     0161  130C               	bcf	12,6	;volatile
  1267     0162                     i1l51:
  1268     0162  082C               	movf	??_isr+5,w
  1269     0163  008A               	movwf	10
  1270     0164  0E2B               	swapf	??_isr+4,w
  1271     0165  0083               	movwf	3
  1272     0166  0EFE               	swapf	btemp,f
  1273     0167  0E7E               	swapf	btemp,w
  1274     0168  0009               	retfie
  1275     0169                     __end_of_isr:
  1276                           
  1277                           	psect	intentry
  1278     0004                     __pintentry:	
  1279                           ;incstack = 0
  1280                           ; Regs used in _isr: [wreg+status,2+status,0+pclath+cstack]
  1281                           
  1282     0004                     interrupt_function:
  1283     007E                     saved_w	set	btemp
  1284     0004  00FE               	movwf	btemp
  1285     0005  0E03               	swapf	3,w
  1286     0006  1283               	bcf	3,5	;RP0=0, select bank0
  1287     0007  1303               	bcf	3,6	;RP1=0, select bank0
  1288     0008  00AB               	movwf	??_isr+4
  1289     0009  080A               	movf	10,w
  1290     000A  00AC               	movwf	??_isr+5
  1291     000B  120A  118A  28D6   	ljmp	_isr
  1292                           
  1293                           	psect	text5
  1294     001E                     __ptext5:	
  1295 ;; *************** function ___xxtofl *****************
  1296 ;; Defined at:
  1297 ;;		line 10 in file "C:\Program Files\Microchip\xc8\v2.40\pic\sources\c90\common\xxtofl.c"
  1298 ;; Parameters:    Size  Location     Type
  1299 ;;  sign            1    wreg     unsigned char 
  1300 ;;  val             4    0[COMMON] long 
  1301 ;; Auto vars:     Size  Location     Type
  1302 ;;  sign            1    8[COMMON] unsigned char 
  1303 ;;  arg             4   10[COMMON] unsigned long 
  1304 ;;  exp             1    9[COMMON] unsigned char 
  1305 ;; Return value:  Size  Location     Type
  1306 ;;                  4    0[COMMON] unsigned char 
  1307 ;; Registers used:
  1308 ;;		wreg, status,2, status,0
  1309 ;; Tracked objects:
  1310 ;;		On entry : 0/0
  1311 ;;		On exit  : 0/0
  1312 ;;		Unchanged: 0/0
  1313 ;; Data sizes:     COMMON   BANK0   BANK1   BANK3   BANK2
  1314 ;;      Params:         4       0       0       0       0
  1315 ;;      Locals:         6       0       0       0       0
  1316 ;;      Temps:          4       0       0       0       0
  1317 ;;      Totals:        14       0       0       0       0
  1318 ;;Total ram usage:       14 bytes
  1319 ;; Hardware stack levels used: 1
  1320 ;; This function calls:
  1321 ;;		Nothing
  1322 ;; This function is called by:
  1323 ;;		_isr
  1324 ;; This function uses a non-reentrant model
  1325 ;;
  1326                           
  1327     001E                     ___xxtofl:	
  1328                           ;psect for function ___xxtofl
  1329                           
  1330                           
  1331                           ;incstack = 0
  1332                           ; Regs used in ___xxtofl: [wreg+status,2+status,0]
  1333                           ;___xxtofl@sign stored from wreg
  1334     001E  00F8               	movwf	___xxtofl@sign
  1335     001F                     i1l976:
  1336     001F  0878               	movf	___xxtofl@sign,w
  1337     0020  1903               	btfsc	3,2
  1338     0021  2823               	goto	u45_21
  1339     0022  2824               	goto	u45_20
  1340     0023                     u45_21:
  1341     0023  2838               	goto	i1l982
  1342     0024                     u45_20:
  1343     0024                     i1l978:
  1344     0024  1FF3               	btfss	___xxtofl@val+3,7
  1345     0025  2827               	goto	u46_21
  1346     0026  2828               	goto	u46_20
  1347     0027                     u46_21:
  1348     0027  2838               	goto	i1l982
  1349     0028                     u46_20:
  1350     0028                     i1l980:
  1351     0028  0970               	comf	___xxtofl@val,w
  1352     0029  00FA               	movwf	___xxtofl@arg
  1353     002A  0971               	comf	___xxtofl@val+1,w
  1354     002B  00FB               	movwf	___xxtofl@arg+1
  1355     002C  0972               	comf	___xxtofl@val+2,w
  1356     002D  00FC               	movwf	___xxtofl@arg+2
  1357     002E  0973               	comf	___xxtofl@val+3,w
  1358     002F  00FD               	movwf	___xxtofl@arg+3
  1359     0030  0AFA               	incf	___xxtofl@arg,f
  1360     0031  1903               	skipnz
  1361     0032  0AFB               	incf	___xxtofl@arg+1,f
  1362     0033  1903               	skipnz
  1363     0034  0AFC               	incf	___xxtofl@arg+2,f
  1364     0035  1903               	skipnz
  1365     0036  0AFD               	incf	___xxtofl@arg+3,f
  1366     0037  2840               	goto	i1l621
  1367     0038                     i1l982:
  1368     0038  0873               	movf	___xxtofl@val+3,w
  1369     0039  00FD               	movwf	___xxtofl@arg+3
  1370     003A  0872               	movf	___xxtofl@val+2,w
  1371     003B  00FC               	movwf	___xxtofl@arg+2
  1372     003C  0871               	movf	___xxtofl@val+1,w
  1373     003D  00FB               	movwf	___xxtofl@arg+1
  1374     003E  0870               	movf	___xxtofl@val,w
  1375     003F  00FA               	movwf	___xxtofl@arg
  1376     0040                     i1l621:
  1377     0040  0873               	movf	___xxtofl@val+3,w
  1378     0041  0472               	iorwf	___xxtofl@val+2,w
  1379     0042  0471               	iorwf	___xxtofl@val+1,w
  1380     0043  0470               	iorwf	___xxtofl@val,w
  1381     0044  1D03               	skipz
  1382     0045  2847               	goto	u47_21
  1383     0046  2848               	goto	u47_20
  1384     0047                     u47_21:
  1385     0047  2851               	goto	i1l988
  1386     0048                     u47_20:
  1387     0048                     i1l984:
  1388     0048  3000               	movlw	0
  1389     0049  00F3               	movwf	?___xxtofl+3
  1390     004A  3000               	movlw	0
  1391     004B  00F2               	movwf	?___xxtofl+2
  1392     004C  3000               	movlw	0
  1393     004D  00F1               	movwf	?___xxtofl+1
  1394     004E  3000               	movlw	0
  1395     004F  00F0               	movwf	?___xxtofl
  1396     0050  28D5               	goto	i1l623
  1397     0051                     i1l988:
  1398     0051  3096               	movlw	150
  1399     0052  00F9               	movwf	___xxtofl@exp
  1400     0053  2861               	goto	i1l992
  1401     0054                     i1l990:
  1402     0054  3001               	movlw	1
  1403     0055  00F4               	movwf	??___xxtofl
  1404     0056  0874               	movf	??___xxtofl,w
  1405     0057  07F9               	addwf	___xxtofl@exp,f
  1406     0058  3001               	movlw	1
  1407     0059                     u48_25:
  1408     0059  1003               	clrc
  1409     005A  0CFD               	rrf	___xxtofl@arg+3,f
  1410     005B  0CFC               	rrf	___xxtofl@arg+2,f
  1411     005C  0CFB               	rrf	___xxtofl@arg+1,f
  1412     005D  0CFA               	rrf	___xxtofl@arg,f
  1413     005E  3EFF               	addlw	-1
  1414     005F  1D03               	skipz
  1415     0060  2859               	goto	u48_25
  1416     0061                     i1l992:
  1417     0061  30FE               	movlw	254
  1418     0062  057D               	andwf	___xxtofl@arg+3,w
  1419     0063  1D03               	btfss	3,2
  1420     0064  2866               	goto	u49_21
  1421     0065  2867               	goto	u49_20
  1422     0066                     u49_21:
  1423     0066  2854               	goto	i1l990
  1424     0067                     u49_20:
  1425     0067  2883               	goto	i1l627
  1426     0068                     i1l994:
  1427     0068  3001               	movlw	1
  1428     0069  00F4               	movwf	??___xxtofl
  1429     006A  0874               	movf	??___xxtofl,w
  1430     006B  07F9               	addwf	___xxtofl@exp,f
  1431     006C                     i1l996:
  1432     006C  3001               	movlw	1
  1433     006D  07FA               	addwf	___xxtofl@arg,f
  1434     006E  3000               	movlw	0
  1435     006F  1803               	skipnc
  1436     0070  3001               	movlw	1
  1437     0071  07FB               	addwf	___xxtofl@arg+1,f
  1438     0072  3000               	movlw	0
  1439     0073  1803               	skipnc
  1440     0074  3001               	movlw	1
  1441     0075  07FC               	addwf	___xxtofl@arg+2,f
  1442     0076  3000               	movlw	0
  1443     0077  1803               	skipnc
  1444     0078  3001               	movlw	1
  1445     0079  07FD               	addwf	___xxtofl@arg+3,f
  1446     007A                     i1l998:
  1447     007A  3001               	movlw	1
  1448     007B                     u50_25:
  1449     007B  1003               	clrc
  1450     007C  0CFD               	rrf	___xxtofl@arg+3,f
  1451     007D  0CFC               	rrf	___xxtofl@arg+2,f
  1452     007E  0CFB               	rrf	___xxtofl@arg+1,f
  1453     007F  0CFA               	rrf	___xxtofl@arg,f
  1454     0080  3EFF               	addlw	-1
  1455     0081  1D03               	skipz
  1456     0082  287B               	goto	u50_25
  1457     0083                     i1l627:
  1458     0083  30FF               	movlw	255
  1459     0084  057D               	andwf	___xxtofl@arg+3,w
  1460     0085  1D03               	btfss	3,2
  1461     0086  2888               	goto	u51_21
  1462     0087  2889               	goto	u51_20
  1463     0088                     u51_21:
  1464     0088  2868               	goto	i1l994
  1465     0089                     u51_20:
  1466     0089  2895               	goto	i1l1002
  1467     008A                     i1l1000:
  1468     008A  3001               	movlw	1
  1469     008B  02F9               	subwf	___xxtofl@exp,f
  1470     008C  3001               	movlw	1
  1471     008D  00F4               	movwf	??___xxtofl
  1472     008E                     u52_25:
  1473     008E  1003               	clrc
  1474     008F  0DFA               	rlf	___xxtofl@arg,f
  1475     0090  0DFB               	rlf	___xxtofl@arg+1,f
  1476     0091  0DFC               	rlf	___xxtofl@arg+2,f
  1477     0092  0DFD               	rlf	___xxtofl@arg+3,f
  1478     0093  0BF4               	decfsz	??___xxtofl,f
  1479     0094  288E               	goto	u52_25
  1480     0095                     i1l1002:
  1481     0095  1BFC               	btfsc	___xxtofl@arg+2,7
  1482     0096  2898               	goto	u53_21
  1483     0097  2899               	goto	u53_20
  1484     0098                     u53_21:
  1485     0098  289F               	goto	i1l634
  1486     0099                     u53_20:
  1487     0099                     i1l1004:
  1488     0099  3002               	movlw	2
  1489     009A  0279               	subwf	___xxtofl@exp,w
  1490     009B  1803               	skipnc
  1491     009C  289E               	goto	u54_21
  1492     009D  289F               	goto	u54_20
  1493     009E                     u54_21:
  1494     009E  288A               	goto	i1l1000
  1495     009F                     u54_20:
  1496     009F                     i1l634:
  1497     009F  1879               	btfsc	___xxtofl@exp,0
  1498     00A0  28A2               	goto	u55_21
  1499     00A1  28A3               	goto	u55_20
  1500     00A2                     u55_21:
  1501     00A2  28AB               	goto	i1l635
  1502     00A3                     u55_20:
  1503     00A3                     i1l1006:
  1504     00A3  30FF               	movlw	255
  1505     00A4  05FA               	andwf	___xxtofl@arg,f
  1506     00A5  30FF               	movlw	255
  1507     00A6  05FB               	andwf	___xxtofl@arg+1,f
  1508     00A7  307F               	movlw	127
  1509     00A8  05FC               	andwf	___xxtofl@arg+2,f
  1510     00A9  30FF               	movlw	255
  1511     00AA  05FD               	andwf	___xxtofl@arg+3,f
  1512     00AB                     i1l635:
  1513     00AB  1003               	clrc
  1514     00AC  0CF9               	rrf	___xxtofl@exp,f
  1515     00AD                     i1l1008:
  1516     00AD  0879               	movf	___xxtofl@exp,w
  1517     00AE  00F4               	movwf	??___xxtofl
  1518     00AF  01F5               	clrf	??___xxtofl+1
  1519     00B0  01F6               	clrf	??___xxtofl+2
  1520     00B1  01F7               	clrf	??___xxtofl+3
  1521     00B2  3018               	movlw	24
  1522     00B3                     u56_25:
  1523     00B3  1003               	clrc
  1524     00B4  0DF4               	rlf	??___xxtofl,f
  1525     00B5  0DF5               	rlf	??___xxtofl+1,f
  1526     00B6  0DF6               	rlf	??___xxtofl+2,f
  1527     00B7  0DF7               	rlf	??___xxtofl+3,f
  1528     00B8                     u56_20:
  1529     00B8  3EFF               	addlw	-1
  1530     00B9  1D03               	skipz
  1531     00BA  28B3               	goto	u56_25
  1532     00BB  0874               	movf	??___xxtofl,w
  1533     00BC  04FA               	iorwf	___xxtofl@arg,f
  1534     00BD  0875               	movf	??___xxtofl+1,w
  1535     00BE  04FB               	iorwf	___xxtofl@arg+1,f
  1536     00BF  0876               	movf	??___xxtofl+2,w
  1537     00C0  04FC               	iorwf	___xxtofl@arg+2,f
  1538     00C1  0877               	movf	??___xxtofl+3,w
  1539     00C2  04FD               	iorwf	___xxtofl@arg+3,f
  1540     00C3                     i1l1010:
  1541     00C3  0878               	movf	___xxtofl@sign,w
  1542     00C4  1903               	btfsc	3,2
  1543     00C5  28C7               	goto	u57_21
  1544     00C6  28C8               	goto	u57_20
  1545     00C7                     u57_21:
  1546     00C7  28CD               	goto	i1l1016
  1547     00C8                     u57_20:
  1548     00C8                     i1l1012:
  1549     00C8  1FF3               	btfss	___xxtofl@val+3,7
  1550     00C9  28CB               	goto	u58_21
  1551     00CA  28CC               	goto	u58_20
  1552     00CB                     u58_21:
  1553     00CB  28CD               	goto	i1l1016
  1554     00CC                     u58_20:
  1555     00CC                     i1l1014:
  1556     00CC  17FD               	bsf	___xxtofl@arg+3,7
  1557     00CD                     i1l1016:
  1558     00CD  087D               	movf	___xxtofl@arg+3,w
  1559     00CE  00F3               	movwf	?___xxtofl+3
  1560     00CF  087C               	movf	___xxtofl@arg+2,w
  1561     00D0  00F2               	movwf	?___xxtofl+2
  1562     00D1  087B               	movf	___xxtofl@arg+1,w
  1563     00D2  00F1               	movwf	?___xxtofl+1
  1564     00D3  087A               	movf	___xxtofl@arg,w
  1565     00D4  00F0               	movwf	?___xxtofl
  1566     00D5                     i1l623:
  1567     00D5  0008               	return
  1568     00D6                     __end_of___xxtofl:
  1569                           
  1570                           	psect	text6
  1571     0298                     __ptext6:	
  1572 ;; *************** function _PWM_duty *****************
  1573 ;; Defined at:
  1574 ;;		line 46 in file "PWM.c"
  1575 ;; Parameters:    Size  Location     Type
  1576 ;;  chn             2    0[BANK0 ] int 
  1577 ;;  duty            4    2[BANK0 ] float 
  1578 ;; Auto vars:     Size  Location     Type
  1579 ;;		None
  1580 ;; Return value:  Size  Location     Type
  1581 ;;                  1    wreg      void 
  1582 ;; Registers used:
  1583 ;;		wreg, status,2, status,0
  1584 ;; Tracked objects:
  1585 ;;		On entry : 0/0
  1586 ;;		On exit  : 0/0
  1587 ;;		Unchanged: 0/0
  1588 ;; Data sizes:     COMMON   BANK0   BANK1   BANK3   BANK2
  1589 ;;      Params:         0       6       0       0       0
  1590 ;;      Locals:         0       0       0       0       0
  1591 ;;      Temps:          0       1       0       0       0
  1592 ;;      Totals:         0       7       0       0       0
  1593 ;;Total ram usage:        7 bytes
  1594 ;; Hardware stack levels used: 1
  1595 ;; This function calls:
  1596 ;;		Nothing
  1597 ;; This function is called by:
  1598 ;;		_isr
  1599 ;; This function uses a non-reentrant model
  1600 ;;
  1601                           
  1602     0298                     _PWM_duty:	
  1603                           ;psect for function _PWM_duty
  1604                           
  1605     0298                     i1l912:	
  1606                           ;incstack = 0
  1607                           ; Regs used in _PWM_duty: [wreg+status,2+status,0]
  1608                           
  1609                           
  1610                           ;PWM.c: 47:       if (chn==0)
  1611     0298  1283               	bcf	3,5	;RP0=0, select bank0
  1612     0299  1303               	bcf	3,6	;RP1=0, select bank0
  1613     029A  0820               	movf	PWM_duty@chn,w
  1614     029B  0421               	iorwf	PWM_duty@chn+1,w
  1615     029C  1D03               	btfss	3,2
  1616     029D  2A9F               	goto	u43_21
  1617     029E  2AA0               	goto	u43_20
  1618     029F                     u43_21:
  1619     029F  2AA7               	goto	i1l916
  1620     02A0                     u43_20:
  1621     02A0                     i1l914:
  1622                           
  1623                           ;PWM.c: 48:           CCPR1L = (ADRESH>>1)+128;
  1624     02A0  081E               	movf	30,w	;volatile
  1625     02A1  00A6               	movwf	??_PWM_duty
  1626     02A2  1003               	clrc
  1627     02A3  0C26               	rrf	??_PWM_duty,w
  1628     02A4  3E80               	addlw	128
  1629     02A5  0095               	movwf	21	;volatile
  1630     02A6  2AAD               	goto	i1l102
  1631     02A7                     i1l916:
  1632                           
  1633                           ;PWM.c: 51:           CCPR2L = (ADRESH>>1)+128;
  1634     02A7  081E               	movf	30,w	;volatile
  1635     02A8  00A6               	movwf	??_PWM_duty
  1636     02A9  1003               	clrc
  1637     02AA  0C26               	rrf	??_PWM_duty,w
  1638     02AB  3E80               	addlw	128
  1639     02AC  009B               	movwf	27	;volatile
  1640     02AD                     i1l102:
  1641     02AD  0008               	return
  1642     02AE                     __end_of_PWM_duty:
  1643     007E                     btemp	set	126	;btemp
  1644     007E                     wtemp0	set	126
  1645                           
  1646                           	psect	idloc
  1647                           
  1648                           ;Config register IDLOC0 @ 0x2000
  1649                           ;	unspecified, using default values
  1650     2000                     	org	8192
  1651     2000  3FFF               	dw	16383
  1652                           
  1653                           ;Config register IDLOC1 @ 0x2001
  1654                           ;	unspecified, using default values
  1655     2001                     	org	8193
  1656     2001  3FFF               	dw	16383
  1657                           
  1658                           ;Config register IDLOC2 @ 0x2002
  1659                           ;	unspecified, using default values
  1660     2002                     	org	8194
  1661     2002  3FFF               	dw	16383
  1662                           
  1663                           ;Config register IDLOC3 @ 0x2003
  1664                           ;	unspecified, using default values
  1665     2003                     	org	8195
  1666     2003  3FFF               	dw	16383
  1667                           
  1668                           	psect	config
  1669                           
  1670                           ;Config register CONFIG1 @ 0x2007
  1671                           ;	Oscillator Selection bits
  1672                           ;	FOSC = INTRC_CLKOUT, INTOSC oscillator: CLKOUT function on RA6/OSC2/CLKOUT pin, I/O fu
      +                          nction on RA7/OSC1/CLKIN
  1673                           ;	Watchdog Timer Enable bit
  1674                           ;	WDTE = OFF, WDT disabled and can be enabled by SWDTEN bit of the WDTCON register
  1675                           ;	Power-up Timer Enable bit
  1676                           ;	PWRTE = OFF, PWRT disabled
  1677                           ;	RE3/MCLR pin function select bit
  1678                           ;	MCLRE = OFF, RE3/MCLR pin function is digital input, MCLR internally tied to VDD
  1679                           ;	Code Protection bit
  1680                           ;	CP = OFF, Program memory code protection is disabled
  1681                           ;	Data Code Protection bit
  1682                           ;	CPD = OFF, Data memory code protection is disabled
  1683                           ;	Brown Out Reset Selection bits
  1684                           ;	BOREN = OFF, BOR disabled
  1685                           ;	Internal External Switchover bit
  1686                           ;	IESO = OFF, Internal/External Switchover mode is disabled
  1687                           ;	Fail-Safe Clock Monitor Enabled bit
  1688                           ;	FCMEN = ON, Fail-Safe Clock Monitor is enabled
  1689                           ;	Low Voltage Programming Enable bit
  1690                           ;	LVP = ON, RB3/PGM pin has PGM function, low voltage programming enabled
  1691                           ;	In-Circuit Debugger Mode bit
  1692                           ;	DEBUG = 0x1, unprogrammed default
  1693     2007                     	org	8199
  1694     2007  38D5               	dw	14549
  1695                           
  1696                           ;Config register CONFIG2 @ 0x2008
  1697                           ;	Brown-out Reset Selection bit
  1698                           ;	BOR4V = BOR40V, Brown-out Reset set to 4.0V
  1699                           ;	Flash Program Memory Self Write Enable bits
  1700                           ;	WRT = OFF, Write protection off
  1701     2008                     	org	8200
  1702     2008  3FFF               	dw	16383

Data Sizes:
    Strings     0
    Constant    0
    Data        0
    BSS         16
    Persistent  0
    Stack       0

Auto Spaces:
    Space          Size  Autos    Used
    COMMON           14     14      14
    BANK0            80     32      48
    BANK1            80      0       0
    BANK3            96      0       0
    BANK2            96      0       0

Pointer List with Targets:

    None.

Critical Paths under _main in COMMON

    None.

Critical Paths under _isr in COMMON

    _isr->___xxtofl
    _PWM_duty->___xxtofl

Critical Paths under _main in BANK0

    _main->_PWM_init
    _PWM_init->___fltol

Critical Paths under _isr in BANK0

    _isr->_PWM_duty

Critical Paths under _main in BANK1

    None.

Critical Paths under _isr in BANK1

    None.

Critical Paths under _main in BANK3

    None.

Critical Paths under _isr in BANK3

    None.

Critical Paths under _main in BANK2

    None.

Critical Paths under _isr in BANK2

    None.

Call Graph Tables:

 ---------------------------------------------------------------------------------
 (Depth) Function   	        Calls       Base Space   Used Autos Params    Refs
 ---------------------------------------------------------------------------------
 (0) _main                                                 1     1      0     599
                                             31 BANK0      1     1      0
                           _PWM_init
                              _setup
 ---------------------------------------------------------------------------------
 (1) _setup                                                1     1      0       0
                                             13 BANK0      1     1      0
 ---------------------------------------------------------------------------------
 (1) _PWM_init                                             8     0      8     599
                                             23 BANK0      8     0      8
                            ___fltol
 ---------------------------------------------------------------------------------
 (2) ___fltol                                             10     6      4     305
                                             13 BANK0     10     6      4
 ---------------------------------------------------------------------------------
 Estimated maximum stack depth 2
 ---------------------------------------------------------------------------------
 (Depth) Function   	        Calls       Base Space   Used Autos Params    Refs
 ---------------------------------------------------------------------------------
 (3) _isr                                                  6     6      0     876
                                              7 BANK0      6     6      0
                           _PWM_duty
                           ___xxtofl
 ---------------------------------------------------------------------------------
 (4) ___xxtofl                                            14    10      4     550
                                              0 COMMON    14    10      4
 ---------------------------------------------------------------------------------
 (4) _PWM_duty                                             7     1      6     326
                                              0 BANK0      7     1      6
                           ___xxtofl (ARG)
 ---------------------------------------------------------------------------------
 Estimated maximum stack depth 4
 ---------------------------------------------------------------------------------

 Call Graph Graphs:

 _main (ROOT)
   _PWM_init
     ___fltol
   _setup

 _isr (ROOT)
   _PWM_duty
     ___xxtofl (ARG)
   ___xxtofl

 Address spaces:
Name               Size   Autos  Total    Cost      Usage
BITCOMMON            E      0       0       0        0.0%
EEDATA             100      0       0       0        0.0%
NULL                 0      0       0       0        0.0%
CODE                 0      0       0       0        0.0%
COMMON               E      E       E       1      100.0%
BITSFR0              0      0       0       1        0.0%
SFR0                 0      0       0       1        0.0%
BITSFR1              0      0       0       2        0.0%
SFR1                 0      0       0       2        0.0%
STACK                0      0       0       2        0.0%
ABS                  0      0      3E       3        0.0%
BITBANK0            50      0       0       4        0.0%
BITSFR3              0      0       0       4        0.0%
SFR3                 0      0       0       4        0.0%
BANK0               50     20      30       5       60.0%
BITSFR2              0      0       0       5        0.0%
SFR2                 0      0       0       5        0.0%
BITBANK1            50      0       0       6        0.0%
BANK1               50      0       0       7        0.0%
BITBANK3            60      0       0       8        0.0%
BANK3               60      0       0       9        0.0%
BITBANK2            60      0       0      10        0.0%
BANK2               60      0       0      11        0.0%
DATA                 0      0      3E      12        0.0%


Microchip Technology PIC Macro Assembler V2.40 build 20220703182018 
Symbol Table                                                                                   Sun May 14 22:46:10 2023

                      _i 0048                       l65 0297                       l94 026A  
                     l96 026E                       l97 026F                       fsr 0004  
                    l381 01CB                      l374 01E0                      l384 01E0  
                    l900 01B9                      l910 01D5                      l920 0274  
                    l906 01C0                      l930 027D                      l922 0275  
                    l908 01D0                      l940 0288                      l932 027E  
                    l924 0279                      l950 022B                      l942 028F  
                    l934 027F                      l926 027B                      l918 0270  
                    l960 025C                      l952 023D                      l944 0292  
                    l936 0285                      l928 027C                      l890 019B  
                    l882 017D                      l970 0266                      l962 025E  
                    l954 0252                      l946 0295                      l938 0287  
                    l892 019F                      l884 0190                      l876 0169  
                    l972 0268                      l964 025F                      l956 0256  
                    l948 0296                      l886 0191                      l878 0174  
                    l974 0269                      l966 0261                      l958 025A  
                    l888 0199                      l968 0262                      l898 01A7  
                    u410 01D0                      u330 0174                      u411 01CF  
                    u331 0173                      u420 01D5                      u340 018B  
                    u421 01D4                      u405 01C2                      u350 019F  
                    _PR2 0092                      u351 019E                      u360 01A6  
                    u440 026E                      u361 01A5                      u345 0186  
                    u441 026D                      u380 01B8                      u381 01B7  
                    u390 01BF                      u630 0206                      u391 01BE  
                    u375 01A8                      u631 0205                      u640 0227  
                    u641 0226                      u645 0223                      u657 028C  
                    _chn 004A                      _isr 00D6                      _val 0040  
                    indf 0000             ___fltol@exp1 0036                     l1040 01FE  
                   l1050 0208                     l1042 0200                     l1052 0213  
                   l1044 0206                     l1036 01E1                     l1054 0214  
                   l1038 01FB                     l1056 021A                     ?_isr 0070  
                   i1l51 0162                     _chn1 004E                     _chn2 004C  
                   _main 01E1                     btemp 007E                     start 000E  
                  ??_isr 0027            ___fltol@sign1 0035                    ?_main 0070  
        __end_of___fltol 01E1                    _ANSEL 0188                    i1l102 02AD  
                  i1l621 0040                    i1l623 00D5                    i1l634 009F  
                  i1l635 00AB                    i1l627 0083                    i1l912 0298  
                  i1l914 02A0                    i1l916 02A7                    i1l980 0028  
                  i1l990 0054                    i1l982 0038                    i1l992 0061  
                  i1l984 0048                    i1l976 001F                    i1l994 0068  
                  i1l978 0024                    i1l996 006C                    i1l988 0051  
                  i1l998 007A                    u50_25 007B                    u43_20 02A0  
                  u51_20 0089                    u43_21 029F                    u51_21 0088  
                  u60_20 00E3                    u60_21 00E2                    u52_25 008E  
                  u53_20 0099                    u45_20 0024                    u61_20 0112  
                  u53_21 0098                    u45_21 0023                    u61_21 0111  
                  u54_20 009F                    u46_20 0028                    u62_20 0142  
                  u54_21 009E                    u46_21 0027                    u62_21 0141  
                  u55_20 00A3                    u47_20 0048                    u55_21 00A2  
                  u47_21 0047                    u56_20 00B8                    u56_25 00B3  
                  u48_25 0059                    u57_20 00C8                    u49_20 0067  
                  u57_21 00C7                    u49_21 0066                    _TRISA 0085  
                  u58_20 00CC                    u58_21 00CB                    u59_20 00DA  
                  u59_21 00D9                    _setup 0270                    pclath 000A  
       __end_of_PWM_init 0270         __end_of_PWM_duty 02AE                    status 0003  
                  wtemp0 007E          __initialization 0011             __end_of_main 022B  
                 ??_main 003F                   _ADRESH 001E                   _CCPR1L 0015  
                 _CCPR2L 001B                   ?_setup 0070                   _ANSELH 0189  
                 i1l1000 008A                   i1l1010 00C3                   i1l1002 0095  
                 i1l1012 00C8                   i1l1004 0099                   i1l1020 00D6  
                 i1l1014 00CC                   i1l1006 00A3                   i1l1030 0139  
                 i1l1022 00DA                   i1l1016 00CD                   i1l1008 00AD  
                 i1l1032 0142                   i1l1024 00E3                   i1l1034 015F  
                 i1l1026 0109                   i1l1028 0112         __end_of___xxtofl 00D6  
              ??___fltol 0031                   saved_w 007E             ___xxtofl@arg 007A  
           ___xxtofl@exp 0079             ___xxtofl@val 0070  __end_of__initialization 001A  
             ___fltol@f1 002D           __pcstackCOMMON 0070            __end_of_setup 0298  
              ?_PWM_init 0037                ?_PWM_duty 0020                  ??_setup 002D  
             __pbssBANK0 0040               __pmaintext 01E1               __pintentry 0004  
     PWM_init@periodo_ms 003B               ??_PWM_init 003F               ??_PWM_duty 0026  
              ?___xxtofl 0070             PWM_init@chn1 0037             PWM_init@chn2 0039  
           PWM_duty@duty 0022                  ___fltol 0169                  __ptext1 0270  
                __ptext2 022B                  __ptext3 0169                  __ptext4 00D6  
                __ptext5 001E                  __ptext6 0298                _T2CONbits 0012  
             ??___xxtofl 0074                  clrloop0 02AF     end_of_initialization 001A  
             _periodo_ms 0044            ___xxtofl@sign 0078                _TRISCbits 0087  
            _CCP1CONbits 0017              _CCP2CONbits 001D      start_initialization 0011  
            __end_of_isr 0169                ___latbits 0002            __pcstackBANK0 0020  
               ?___fltol 002D              PWM_duty@chn 0020        interrupt_function 0004  
              clear_ram0 02AE                 _PIE1bits 008C                 _PIR1bits 000C  
             _ADCON0bits 001F               _ADCON1bits 009F                 _PWM_init 022B  
               _PWM_duty 0298                 ___xxtofl 001E               _INTCONbits 000B  
               intlevel1 0000               _OSCCONbits 008F  
